[2024-03-21 08:03:46,123] multiqc                                            [DEBUG  ]  No MultiQC config found: /cm/shared/apps/multiqc/1.5/lib/python2.7/site-packages/multiqc-1.5-py2.7.egg/multiqc_config.yaml
[2024-03-21 08:03:46,123] multiqc                                            [DEBUG  ]  No MultiQC config found: /home/ipereza/.multiqc_config.yaml
[2024-03-21 08:03:46,124] multiqc                                            [DEBUG  ]  No MultiQC config found: multiqc_config.yaml
[2024-03-21 08:03:46,124] multiqc                                            [DEBUG  ]  Command used: /cm/shared/apps/multiqc/1.5/bin/multiqc quality2/SRR14862052_1_trimmed_fastqc.zip quality2/SRR14862052_1_unpaired_fastqc.zip quality2/SRR14862052_2_trimmed_fastqc.zip quality2/SRR14862052_2_unpaired_fastqc.zip quality2/SRR14862053_1_trimmed_fastqc.zip quality2/SRR14862053_1_unpaired_fastqc.zip quality2/SRR14862053_2_trimmed_fastqc.zip quality2/SRR14862053_2_unpaired_fastqc.zip quality2/SRR14862054_1_trimmed_fastqc.zip quality2/SRR14862054_1_unpaired_fastqc.zip quality2/SRR14862054_2_trimmed_fastqc.zip quality2/SRR14862054_2_unpaired_fastqc.zip quality2/SRR14862055_1_trimmed_fastqc.zip quality2/SRR14862055_1_unpaired_fastqc.zip quality2/SRR14862055_2_trimmed_fastqc.zip quality2/SRR14862055_2_unpaired_fastqc.zip quality2/SRR14862056_1_trimmed_fastqc.zip quality2/SRR14862056_1_unpaired_fastqc.zip quality2/SRR14862056_2_trimmed_fastqc.zip quality2/SRR14862056_2_unpaired_fastqc.zip quality2/SRR14862057_1_trimmed_fastqc.zip quality2/SRR14862057_1_unpaired_fastqc.zip quality2/SRR14862057_2_trimmed_fastqc.zip quality2/SRR14862057_2_unpaired_fastqc.zip quality2/SRR14862058_1_trimmed_fastqc.zip quality2/SRR14862058_1_unpaired_fastqc.zip quality2/SRR14862058_2_trimmed_fastqc.zip quality2/SRR14862058_2_unpaired_fastqc.zip quality2/SRR14862059_1_trimmed_fastqc.zip quality2/SRR14862059_1_unpaired_fastqc.zip quality2/SRR14862059_2_trimmed_fastqc.zip quality2/SRR14862059_2_unpaired_fastqc.zip quality2/SRR14862060_1_trimmed_fastqc.zip quality2/SRR14862060_1_unpaired_fastqc.zip quality2/SRR14862060_2_trimmed_fastqc.zip quality2/SRR14862060_2_unpaired_fastqc.zip -o quality2/multiqc/
[2024-03-21 08:03:47,365] multiqc                                            [WARNING]  MultiQC Version v1.21 now available!
[2024-03-21 08:03:47,365] multiqc                                            [INFO   ]  This is MultiQC v1.5
[2024-03-21 08:03:47,366] multiqc                                            [DEBUG  ]  Command     : /cm/shared/apps/multiqc/1.5/bin/multiqc quality2/SRR14862052_1_trimmed_fastqc.zip quality2/SRR14862052_1_unpaired_fastqc.zip quality2/SRR14862052_2_trimmed_fastqc.zip quality2/SRR14862052_2_unpaired_fastqc.zip quality2/SRR14862053_1_trimmed_fastqc.zip quality2/SRR14862053_1_unpaired_fastqc.zip quality2/SRR14862053_2_trimmed_fastqc.zip quality2/SRR14862053_2_unpaired_fastqc.zip quality2/SRR14862054_1_trimmed_fastqc.zip quality2/SRR14862054_1_unpaired_fastqc.zip quality2/SRR14862054_2_trimmed_fastqc.zip quality2/SRR14862054_2_unpaired_fastqc.zip quality2/SRR14862055_1_trimmed_fastqc.zip quality2/SRR14862055_1_unpaired_fastqc.zip quality2/SRR14862055_2_trimmed_fastqc.zip quality2/SRR14862055_2_unpaired_fastqc.zip quality2/SRR14862056_1_trimmed_fastqc.zip quality2/SRR14862056_1_unpaired_fastqc.zip quality2/SRR14862056_2_trimmed_fastqc.zip quality2/SRR14862056_2_unpaired_fastqc.zip quality2/SRR14862057_1_trimmed_fastqc.zip quality2/SRR14862057_1_unpaired_fastqc.zip quality2/SRR14862057_2_trimmed_fastqc.zip quality2/SRR14862057_2_unpaired_fastqc.zip quality2/SRR14862058_1_trimmed_fastqc.zip quality2/SRR14862058_1_unpaired_fastqc.zip quality2/SRR14862058_2_trimmed_fastqc.zip quality2/SRR14862058_2_unpaired_fastqc.zip quality2/SRR14862059_1_trimmed_fastqc.zip quality2/SRR14862059_1_unpaired_fastqc.zip quality2/SRR14862059_2_trimmed_fastqc.zip quality2/SRR14862059_2_unpaired_fastqc.zip quality2/SRR14862060_1_trimmed_fastqc.zip quality2/SRR14862060_1_unpaired_fastqc.zip quality2/SRR14862060_2_trimmed_fastqc.zip quality2/SRR14862060_2_unpaired_fastqc.zip -o quality2/multiqc/
[2024-03-21 08:03:47,366] multiqc                                            [DEBUG  ]  Working dir : /mnt/Guanina/bioinfo24/Equipoazulito/human
[2024-03-21 08:03:47,366] multiqc                                            [INFO   ]  Template    : default
[2024-03-21 08:03:47,366] multiqc                                            [INFO   ]  Searching 'quality2/SRR14862052_1_trimmed_fastqc.zip'
[2024-03-21 08:03:47,366] multiqc                                            [INFO   ]  Searching 'quality2/SRR14862052_1_unpaired_fastqc.zip'
[2024-03-21 08:03:47,367] multiqc                                            [INFO   ]  Searching 'quality2/SRR14862052_2_trimmed_fastqc.zip'
[2024-03-21 08:03:47,367] multiqc                                            [INFO   ]  Searching 'quality2/SRR14862052_2_unpaired_fastqc.zip'
[2024-03-21 08:03:47,367] multiqc                                            [INFO   ]  Searching 'quality2/SRR14862053_1_trimmed_fastqc.zip'
[2024-03-21 08:03:47,367] multiqc                                            [INFO   ]  Searching 'quality2/SRR14862053_1_unpaired_fastqc.zip'
[2024-03-21 08:03:47,367] multiqc                                            [INFO   ]  Searching 'quality2/SRR14862053_2_trimmed_fastqc.zip'
[2024-03-21 08:03:47,367] multiqc                                            [INFO   ]  Searching 'quality2/SRR14862053_2_unpaired_fastqc.zip'
[2024-03-21 08:03:47,368] multiqc                                            [INFO   ]  Searching 'quality2/SRR14862054_1_trimmed_fastqc.zip'
[2024-03-21 08:03:47,368] multiqc                                            [INFO   ]  Searching 'quality2/SRR14862054_1_unpaired_fastqc.zip'
[2024-03-21 08:03:47,368] multiqc                                            [INFO   ]  Searching 'quality2/SRR14862054_2_trimmed_fastqc.zip'
[2024-03-21 08:03:47,368] multiqc                                            [INFO   ]  Searching 'quality2/SRR14862054_2_unpaired_fastqc.zip'
[2024-03-21 08:03:47,368] multiqc                                            [INFO   ]  Searching 'quality2/SRR14862055_1_trimmed_fastqc.zip'
[2024-03-21 08:03:47,369] multiqc                                            [INFO   ]  Searching 'quality2/SRR14862055_1_unpaired_fastqc.zip'
[2024-03-21 08:03:47,369] multiqc                                            [INFO   ]  Searching 'quality2/SRR14862055_2_trimmed_fastqc.zip'
[2024-03-21 08:03:47,369] multiqc                                            [INFO   ]  Searching 'quality2/SRR14862055_2_unpaired_fastqc.zip'
[2024-03-21 08:03:47,369] multiqc                                            [INFO   ]  Searching 'quality2/SRR14862056_1_trimmed_fastqc.zip'
[2024-03-21 08:03:47,369] multiqc                                            [INFO   ]  Searching 'quality2/SRR14862056_1_unpaired_fastqc.zip'
[2024-03-21 08:03:47,369] multiqc                                            [INFO   ]  Searching 'quality2/SRR14862056_2_trimmed_fastqc.zip'
[2024-03-21 08:03:47,370] multiqc                                            [INFO   ]  Searching 'quality2/SRR14862056_2_unpaired_fastqc.zip'
[2024-03-21 08:03:47,370] multiqc                                            [INFO   ]  Searching 'quality2/SRR14862057_1_trimmed_fastqc.zip'
[2024-03-21 08:03:47,370] multiqc                                            [INFO   ]  Searching 'quality2/SRR14862057_1_unpaired_fastqc.zip'
[2024-03-21 08:03:47,370] multiqc                                            [INFO   ]  Searching 'quality2/SRR14862057_2_trimmed_fastqc.zip'
[2024-03-21 08:03:47,370] multiqc                                            [INFO   ]  Searching 'quality2/SRR14862057_2_unpaired_fastqc.zip'
[2024-03-21 08:03:47,370] multiqc                                            [INFO   ]  Searching 'quality2/SRR14862058_1_trimmed_fastqc.zip'
[2024-03-21 08:03:47,371] multiqc                                            [INFO   ]  Searching 'quality2/SRR14862058_1_unpaired_fastqc.zip'
[2024-03-21 08:03:47,371] multiqc                                            [INFO   ]  Searching 'quality2/SRR14862058_2_trimmed_fastqc.zip'
[2024-03-21 08:03:47,371] multiqc                                            [INFO   ]  Searching 'quality2/SRR14862058_2_unpaired_fastqc.zip'
[2024-03-21 08:03:47,371] multiqc                                            [INFO   ]  Searching 'quality2/SRR14862059_1_trimmed_fastqc.zip'
[2024-03-21 08:03:47,371] multiqc                                            [INFO   ]  Searching 'quality2/SRR14862059_1_unpaired_fastqc.zip'
[2024-03-21 08:03:47,371] multiqc                                            [INFO   ]  Searching 'quality2/SRR14862059_2_trimmed_fastqc.zip'
[2024-03-21 08:03:47,372] multiqc                                            [INFO   ]  Searching 'quality2/SRR14862059_2_unpaired_fastqc.zip'
[2024-03-21 08:03:47,372] multiqc                                            [INFO   ]  Searching 'quality2/SRR14862060_1_trimmed_fastqc.zip'
[2024-03-21 08:03:47,372] multiqc                                            [INFO   ]  Searching 'quality2/SRR14862060_1_unpaired_fastqc.zip'
[2024-03-21 08:03:47,372] multiqc                                            [INFO   ]  Searching 'quality2/SRR14862060_2_trimmed_fastqc.zip'
[2024-03-21 08:03:47,372] multiqc                                            [INFO   ]  Searching 'quality2/SRR14862060_2_unpaired_fastqc.zip'
[2024-03-21 08:03:47,373] multiqc                                            [DEBUG  ]  Analysing modules: custom_content, conpair, peddy, methylQA, qualimap, preseq, quast, qorts, rna_seqc, rsem, rseqc, busco, goleft_indexcov, disambiguate, supernova, deeptools, sargasso, verifybamid, homer, macs2, theta2, snpeff, gatk, htseq, bcftools, featureCounts, dedup, picard, prokka, samblaster, samtools, bamtools, jellyfish, vcftools, bbmap, bismark, hicexplorer, hicup, salmon, kallisto, slamdunk, star, hisat2, tophat, bowtie2, bowtie1, leehom, adapterRemoval, clipandmerge, cutadapt, flexbar, trimmomatic, skewer, sortmerna, biobloomtools, fastq_screen, afterqc, fastqc, clusterflow, bcl2fastq, interop
[2024-03-21 08:03:47,373] multiqc                                            [DEBUG  ]  Using temporary directory for creating report: /tmp/tmpA9iMlj
[2024-03-21 08:03:47,650] multiqc                                            [DEBUG  ]  No samples found: custom_content
[2024-03-21 08:03:47,656] multiqc                                            [DEBUG  ]  No samples found: conpair
[2024-03-21 08:03:47,662] multiqc                                            [DEBUG  ]  No samples found: peddy
[2024-03-21 08:03:47,667] multiqc                                            [DEBUG  ]  No samples found: methylQA
[2024-03-21 08:03:47,673] multiqc                                            [DEBUG  ]  No samples found: qualimap
[2024-03-21 08:03:47,678] multiqc                                            [DEBUG  ]  No samples found: preseq
[2024-03-21 08:03:47,685] multiqc                                            [DEBUG  ]  No samples found: quast
[2024-03-21 08:03:47,690] multiqc                                            [DEBUG  ]  No samples found: qorts
[2024-03-21 08:03:47,695] multiqc                                            [DEBUG  ]  No samples found: rna_seqc
[2024-03-21 08:03:47,699] multiqc                                            [DEBUG  ]  No samples found: rsem
[2024-03-21 08:03:47,707] multiqc                                            [DEBUG  ]  No samples found: rseqc
[2024-03-21 08:03:47,712] multiqc                                            [DEBUG  ]  No samples found: busco
[2024-03-21 08:03:47,716] multiqc                                            [DEBUG  ]  No samples found: goleft_indexcov
[2024-03-21 08:03:47,721] multiqc                                            [DEBUG  ]  No samples found: disambiguate
[2024-03-21 08:03:47,725] multiqc                                            [DEBUG  ]  No samples found: supernova
[2024-03-21 08:03:47,732] multiqc                                            [DEBUG  ]  No samples found: deeptools
[2024-03-21 08:03:47,736] multiqc                                            [DEBUG  ]  No samples found: sargasso
[2024-03-21 08:03:47,740] multiqc                                            [DEBUG  ]  No samples found: verifybamid
[2024-03-21 08:03:47,745] multiqc                                            [DEBUG  ]  No samples found: homer
[2024-03-21 08:03:47,749] multiqc                                            [DEBUG  ]  No samples found: macs2
[2024-03-21 08:03:47,753] multiqc                                            [DEBUG  ]  No samples found: theta2
[2024-03-21 08:03:47,757] multiqc                                            [DEBUG  ]  No samples found: snpeff
[2024-03-21 08:03:47,762] multiqc                                            [DEBUG  ]  No samples found: gatk
[2024-03-21 08:03:47,766] multiqc                                            [DEBUG  ]  No samples found: htseq
[2024-03-21 08:03:47,770] multiqc                                            [DEBUG  ]  No samples found: bcftools
[2024-03-21 08:03:47,773] multiqc                                            [DEBUG  ]  No samples found: featureCounts
[2024-03-21 08:03:47,777] multiqc                                            [DEBUG  ]  No samples found: dedup
[2024-03-21 08:03:47,785] multiqc                                            [DEBUG  ]  No samples found: picard
[2024-03-21 08:03:47,788] multiqc                                            [DEBUG  ]  No samples found: prokka
[2024-03-21 08:03:47,792] multiqc                                            [DEBUG  ]  No samples found: samblaster
[2024-03-21 08:03:47,797] multiqc                                            [DEBUG  ]  No samples found: samtools
[2024-03-21 08:03:47,801] multiqc                                            [DEBUG  ]  No samples found: bamtools
[2024-03-21 08:03:47,804] multiqc                                            [DEBUG  ]  No samples found: jellyfish
[2024-03-21 08:03:47,809] multiqc                                            [DEBUG  ]  No samples found: vcftools
[2024-03-21 08:03:47,817] multiqc                                            [DEBUG  ]  No samples found: bbmap
[2024-03-21 08:03:47,821] multiqc                                            [DEBUG  ]  No samples found: bismark
[2024-03-21 08:03:47,824] multiqc                                            [DEBUG  ]  No samples found: hicexplorer
[2024-03-21 08:03:47,827] multiqc                                            [DEBUG  ]  No samples found: hicup
[2024-03-21 08:03:47,831] multiqc                                            [DEBUG  ]  No samples found: salmon
[2024-03-21 08:03:47,834] multiqc                                            [DEBUG  ]  No samples found: kallisto
[2024-03-21 08:03:47,837] multiqc                                            [DEBUG  ]  No samples found: slamdunk
[2024-03-21 08:03:47,840] multiqc                                            [DEBUG  ]  No samples found: star
[2024-03-21 08:03:47,844] multiqc                                            [DEBUG  ]  No samples found: hisat2
[2024-03-21 08:03:47,847] multiqc                                            [DEBUG  ]  No samples found: tophat
[2024-03-21 08:03:47,850] multiqc                                            [DEBUG  ]  No samples found: bowtie2
[2024-03-21 08:03:47,853] multiqc                                            [DEBUG  ]  No samples found: bowtie1
[2024-03-21 08:03:47,857] multiqc                                            [DEBUG  ]  No samples found: leehom
[2024-03-21 08:03:47,860] multiqc                                            [DEBUG  ]  No samples found: adapterRemoval
[2024-03-21 08:03:47,863] multiqc                                            [DEBUG  ]  No samples found: clipandmerge
[2024-03-21 08:03:47,867] multiqc                                            [DEBUG  ]  No samples found: cutadapt
[2024-03-21 08:03:47,870] multiqc                                            [DEBUG  ]  No samples found: flexbar
[2024-03-21 08:03:47,873] multiqc                                            [DEBUG  ]  No samples found: trimmomatic
[2024-03-21 08:03:47,877] multiqc                                            [DEBUG  ]  No samples found: skewer
[2024-03-21 08:03:47,881] multiqc                                            [DEBUG  ]  No samples found: sortmerna
[2024-03-21 08:03:47,885] multiqc                                            [DEBUG  ]  No samples found: biobloomtools
[2024-03-21 08:03:47,888] multiqc                                            [DEBUG  ]  No samples found: fastq_screen
[2024-03-21 08:03:47,891] multiqc                                            [DEBUG  ]  No samples found: afterqc
[2024-03-21 08:03:48,072] multiqc.modules.fastqc.fastqc                      [INFO   ]  Found 36 reports
[2024-03-21 08:03:48,660] multiqc                                            [DEBUG  ]  No samples found: clusterflow
[2024-03-21 08:03:48,664] multiqc                                            [DEBUG  ]  No samples found: bcl2fastq
[2024-03-21 08:03:48,667] multiqc                                            [DEBUG  ]  No samples found: interop
[2024-03-21 08:03:48,703] multiqc                                            [INFO   ]  Compressing plot data
[2024-03-21 08:03:50,421] multiqc                                            [INFO   ]  Report      : quality2/multiqc/multiqc_report.html
[2024-03-21 08:03:50,422] multiqc                                            [INFO   ]  Data        : quality2/multiqc/multiqc_data
[2024-03-21 08:03:50,422] multiqc                                            [DEBUG  ]  Moving data file from '/tmp/tmpA9iMlj/multiqc_data/multiqc_data.json' to 'quality2/multiqc/multiqc_data'
[2024-03-21 08:03:50,430] multiqc                                            [DEBUG  ]  Moving data file from '/tmp/tmpA9iMlj/multiqc_data/multiqc_sources.txt' to 'quality2/multiqc/multiqc_data'
[2024-03-21 08:03:50,431] multiqc                                            [DEBUG  ]  Moving data file from '/tmp/tmpA9iMlj/multiqc_data/multiqc_general_stats.txt' to 'quality2/multiqc/multiqc_data'
[2024-03-21 08:03:50,431] multiqc                                            [DEBUG  ]  Moving data file from '/tmp/tmpA9iMlj/multiqc_data/multiqc_fastqc.txt' to 'quality2/multiqc/multiqc_data'
[2024-03-21 08:03:50,538] multiqc                                            [INFO   ]  MultiQC complete
